<?xml version="1.0" encoding="UTF-8"?>
<testsuite name="org.example.MainTest" tests="1" skipped="0" failures="0" errors="0" timestamp="2022-09-27T11:04:19" hostname="DESKTOP-BJDNFEF" time="0.028">
  <properties/>
  <testcase name="Testing get current level" classname="org.example.MainTest" time="0.028"/>
  <system-out><![CDATA[]]></system-out>
  <system-err><![CDATA[]]></system-err>
</testsuite>
